1>------ Build started: Project: Project3, Configuration: Debug Win32 ------
1>week1(01).cpp
1>C:\Users\user\source\repos\Project3\Project3\week1(01).cpp(5,2): error C4996: 'scanf': This function or variable may be unsafe. Consider using scanf_s instead. To disable deprecation, use _CRT_SECURE_NO_WARNINGS. See online help for details.
1>C:\Users\user\source\repos\Project3\Project3\week1(01).cpp(6,2): error C4996: 'scanf': This function or variable may be unsafe. Consider using scanf_s instead. To disable deprecation, use _CRT_SECURE_NO_WARNINGS. See online help for details.
1>Done building project "Project3.vcxproj" -- FAILED.
========== Build: 0 succeeded, 1 failed, 0 up-to-date, 0 skipped ==========
